2021/10/11 15:48:59 [error] [php] Trying to get property of non-object (/var/www/html/yii/framework/zii/widgets/CBreadcrumbs.php:116)
Stack trace:
#0 /var/www/html/yii/framework/web/CBaseController.php(126): require()
#1 /var/www/html/yii/framework/web/CBaseController.php(95): SiteController->renderInternal()
#2 /var/www/html/yii/framework/web/widgets/CContentDecorator.php(76): SiteController->renderFile()
#3 /var/www/html/yii/framework/web/widgets/CContentDecorator.php(54): CContentDecorator->decorate()
#4 /var/www/html/yii/framework/web/widgets/COutputProcessor.php(44): CContentDecorator->processOutput()
#5 /var/www/html/yii/framework/web/CBaseController.php(206): CContentDecorator->run()
#6 /var/www/html/yii/framework/web/CBaseController.php(300): SiteController->endWidget()
#7 /var/www/html/backlog_sistema/protected/views/layouts/column1.php(6): SiteController->endContent()
#8 /var/www/html/yii/framework/web/CBaseController.php(126): require()
#9 /var/www/html/yii/framework/web/CBaseController.php(95): SiteController->renderInternal()
#10 /var/www/html/yii/framework/web/CController.php(784): SiteController->renderFile()
#11 /var/www/html/backlog_sistema/protected/controllers/SiteController.php(72): SiteController->render()
#12 /var/www/html/yii/framework/web/actions/CInlineAction.php(49): SiteController->actionContact()
#13 /var/www/html/yii/framework/web/CController.php(308): CInlineAction->runWithParams()
#14 /var/www/html/yii/framework/web/CController.php(286): SiteController->runAction()
#15 /var/www/html/yii/framework/web/CController.php(265): SiteController->runActionWithFilters()
#16 /var/www/html/yii/framework/web/CWebApplication.php(282): SiteController->run()
#17 /var/www/html/yii/framework/web/CWebApplication.php(141): CWebApplication->runController()
#18 /var/www/html/yii/framework/base/CApplication.php(180): CWebApplication->processRequest()
#19 /var/www/html/backlog_sistema/index.php(13): CWebApplication->run()
REQUEST_URI=/backlog_sistema/index.php?r=site/contact
in /var/www/html/backlog_sistema/protected/views/layouts/main.php (43)
in /var/www/html/backlog_sistema/protected/views/layouts/column1.php (6)
in /var/www/html/backlog_sistema/protected/controllers/SiteController.php (72)
2021/10/11 15:49:03 [error] [php] Trying to get property of non-object (/var/www/html/yii/framework/zii/widgets/CBreadcrumbs.php:116)
Stack trace:
#0 /var/www/html/yii/framework/web/CBaseController.php(126): require()
#1 /var/www/html/yii/framework/web/CBaseController.php(95): SiteController->renderInternal()
#2 /var/www/html/yii/framework/web/widgets/CContentDecorator.php(76): SiteController->renderFile()
#3 /var/www/html/yii/framework/web/widgets/CContentDecorator.php(54): CContentDecorator->decorate()
#4 /var/www/html/yii/framework/web/widgets/COutputProcessor.php(44): CContentDecorator->processOutput()
#5 /var/www/html/yii/framework/web/CBaseController.php(206): CContentDecorator->run()
#6 /var/www/html/yii/framework/web/CBaseController.php(300): SiteController->endWidget()
#7 /var/www/html/backlog_sistema/protected/views/layouts/column1.php(6): SiteController->endContent()
#8 /var/www/html/yii/framework/web/CBaseController.php(126): require()
#9 /var/www/html/yii/framework/web/CBaseController.php(95): SiteController->renderInternal()
#10 /var/www/html/yii/framework/web/CController.php(784): SiteController->renderFile()
#11 /var/www/html/backlog_sistema/protected/controllers/SiteController.php(98): SiteController->render()
#12 /var/www/html/yii/framework/web/actions/CInlineAction.php(49): SiteController->actionLogin()
#13 /var/www/html/yii/framework/web/CController.php(308): CInlineAction->runWithParams()
#14 /var/www/html/yii/framework/web/CController.php(286): SiteController->runAction()
#15 /var/www/html/yii/framework/web/CController.php(265): SiteController->runActionWithFilters()
#16 /var/www/html/yii/framework/web/CWebApplication.php(282): SiteController->run()
#17 /var/www/html/yii/framework/web/CWebApplication.php(141): CWebApplication->runController()
#18 /var/www/html/yii/framework/base/CApplication.php(180): CWebApplication->processRequest()
#19 /var/www/html/backlog_sistema/index.php(13): CWebApplication->run()
REQUEST_URI=/backlog_sistema/index.php?r=site/login
in /var/www/html/backlog_sistema/protected/views/layouts/main.php (43)
in /var/www/html/backlog_sistema/protected/views/layouts/column1.php (6)
in /var/www/html/backlog_sistema/protected/controllers/SiteController.php (98)
2021/10/11 16:03:36 [error] [php] Trying to get property of non-object (/var/www/html/yii/framework/zii/widgets/CBreadcrumbs.php:116)
Stack trace:
#0 /var/www/html/yii/framework/web/CBaseController.php(126): require()
#1 /var/www/html/yii/framework/web/CBaseController.php(95): SiteController->renderInternal()
#2 /var/www/html/yii/framework/web/widgets/CContentDecorator.php(76): SiteController->renderFile()
#3 /var/www/html/yii/framework/web/widgets/CContentDecorator.php(54): CContentDecorator->decorate()
#4 /var/www/html/yii/framework/web/widgets/COutputProcessor.php(44): CContentDecorator->processOutput()
#5 /var/www/html/yii/framework/web/CBaseController.php(206): CContentDecorator->run()
#6 /var/www/html/yii/framework/web/CBaseController.php(300): SiteController->endWidget()
#7 /var/www/html/backlog_sistema/protected/views/layouts/column1.php(6): SiteController->endContent()
#8 /var/www/html/yii/framework/web/CBaseController.php(126): require()
#9 /var/www/html/yii/framework/web/CBaseController.php(95): SiteController->renderInternal()
#10 /var/www/html/yii/framework/web/CController.php(784): SiteController->renderFile()
#11 /var/www/html/yii/framework/web/actions/CViewAction.php(140): SiteController->render()
#12 /var/www/html/yii/framework/web/actions/CAction.php(76): CViewAction->run()
#13 /var/www/html/yii/framework/web/CController.php(308): CViewAction->runWithParams()
#14 /var/www/html/yii/framework/web/CController.php(286): SiteController->runAction()
#15 /var/www/html/yii/framework/web/CController.php(265): SiteController->runActionWithFilters()
#16 /var/www/html/yii/framework/web/CWebApplication.php(282): SiteController->run()
#17 /var/www/html/yii/framework/web/CWebApplication.php(141): CWebApplication->runController()
#18 /var/www/html/yii/framework/base/CApplication.php(180): CWebApplication->processRequest()
#19 /var/www/html/backlog_sistema/index.php(13): CWebApplication->run()
REQUEST_URI=/backlog_sistema/index.php?r=site/page&view=about
in /var/www/html/backlog_sistema/protected/views/layouts/main.php (43)
in /var/www/html/backlog_sistema/protected/views/layouts/column1.php (6)
in /var/www/html/backlog_sistema/index.php (13)
